<?xml version="1.0" encoding="UTF-8"?>
<testsuite xmlns:xsi="http://www.w3.org/2001/XMLSchema-instance" xsi:noNamespaceSchemaLocation="https://maven.apache.org/surefire/maven-surefire-plugin/xsd/surefire-test-report.xsd" version="3.0.2" name="ru.zagrebin.laba11.Laba11ApplicationTests" time="3.198" tests="1" errors="0" skipped="0" failures="0">
  <properties>
[...]
</properties>
  <testcase name="contextLoads" classname="ru.zagrebin.laba11.Laba11ApplicationTests" time="0.676">
    <system-out><![CDATA[16:17:11.626 [main] INFO org.springframework.test.context.support.AnnotationConfigContextLoaderUtils -- Could not detect default configuration classes for test class [ru.zagrebin.laba11.Laba11ApplicationTests]: Laba11ApplicationTests does not declare any static, non-private, non-final, nested classes annotated with @Configuration.
16:17:11.739 [main] INFO org.springframework.boot.test.context.SpringBootTestContextBootstrapper -- Found @SpringBootConfiguration ru.zagrebin.laba11.Laba11Application for test class ru.zagrebin.laba11.Laba11ApplicationTests

  .   ____          _            __ _ _
 /\\ / ___'_ __ _ _(_)_ __  __ _ \ \ \ \
( ( )\___ | '_ | '_| | '_ \/ _` | \ \ \ \
 \\/  ___)| |_)| | | | | || (_| |  ) ) ) )
  '  |____| .__|_| |_|_| |_\__, | / / / /
 =========|_|==============|___/=/_/_/_/

 :: Spring Boot ::                (v3.5.5)

2025-11-30T16:17:12.222Z  INFO 4153 --- [laba11] [           main] r.z.laba11.Laba11ApplicationTests        : Starting Laba11ApplicationTests using Java 17.0.17 with PID 4153 (started by runner in /home/runner/work/laba5-----3---5-/laba5-----3---5-)
2025-11-30T16:17:12.224Z  INFO 4153 --- [laba11] [           main] r.z.laba11.Laba11ApplicationTests        : No active profile set, falling back to 1 default profile: "default"
2025-11-30T16:17:13.099Z  INFO 4153 --- [laba11] [           main] com.zaxxer.hikari.HikariDataSource       : HikariPool-1 - Starting...
2025-11-30T16:17:13.293Z  INFO 4153 --- [laba11] [           main] com.zaxxer.hikari.pool.HikariPool        : HikariPool-1 - Added connection conn0: url=jdbc:h2:mem:testdb user=SA
2025-11-30T16:17:13.295Z  INFO 4153 --- [laba11] [           main] com.zaxxer.hikari.HikariDataSource       : HikariPool-1 - Start completed.
2025-11-30T16:17:13.917Z  INFO 4153 --- [laba11] [           main] o.s.b.a.h2.H2ConsoleAutoConfiguration    : H2 console available at '/h2-console'. Database available at 'jdbc:h2:mem:testdb'
2025-11-30T16:17:14.009Z  INFO 4153 --- [laba11] [           main] r.z.laba11.Laba11ApplicationTests        : Started Laba11ApplicationTests in 2.127 seconds (process running for 2.983)
]]></system-out>
  </testcase>
</testsuite>